{
  "stats": {
    "suites": 1,
    "tests": 15,
    "passes": 12,
    "pending": 0,
    "failures": 3,
    "start": "2024-05-01T06:26:28.760Z",
    "end": "2024-05-01T06:26:48.524Z",
    "duration": 19764,
    "testsRegistered": 15,
    "passPercent": 80,
    "pendingPercent": 0,
    "other": 0,
    "hasOther": false,
    "skipped": 0,
    "hasSkipped": false
  },
  "results": [
    {
      "uuid": "193c70fb-b27c-4305-8c25-0a44b8108e9a",
      "title": "",
      "fullFile": "cypress/e2e/login.cy.js",
      "file": "cypress/e2e/login.cy.js",
      "beforeHooks": [],
      "afterHooks": [],
      "tests": [],
      "suites": [
        {
          "uuid": "e53baf3d-2263-4caf-8e24-363db0f93602",
          "title": "Login Test",
          "fullFile": "",
          "file": "",
          "beforeHooks": [],
          "afterHooks": [],
          "tests": [
            {
              "title": "validate on login page",
              "fullTitle": "Login Test validate on login page",
              "timedOut": null,
              "duration": 339,
              "state": "passed",
              "speed": "fast",
              "pass": true,
              "fail": false,
              "pending": false,
              "context": null,
              "code": "cy.visit(\"/\");\ncy.get('h2').should('have.text', 'Login');",
              "err": {},
              "uuid": "307c6677-fe84-49c3-800d-7d80568c231f",
              "parentUUID": "e53baf3d-2263-4caf-8e24-363db0f93602",
              "isHook": false,
              "skipped": false
            },
            {
              "title": "can type text on field username",
              "fullTitle": "Login Test can type text on field username",
              "timedOut": null,
              "duration": 295,
              "state": "passed",
              "speed": "fast",
              "pass": true,
              "fail": false,
              "pending": false,
              "context": null,
              "code": "cy.visit(\"/\");\ncy.get('#username').type('admin').should('have.value', 'admin');",
              "err": {},
              "uuid": "f1f8191d-cdb4-4157-9f04-cf868b15dc8c",
              "parentUUID": "e53baf3d-2263-4caf-8e24-363db0f93602",
              "isHook": false,
              "skipped": false
            },
            {
              "title": "can type symbol on field username",
              "fullTitle": "Login Test can type symbol on field username",
              "timedOut": null,
              "duration": 247,
              "state": "passed",
              "speed": "fast",
              "pass": true,
              "fail": false,
              "pending": false,
              "context": null,
              "code": "cy.visit(\"/\");\ncy.get('#username').type('!@#$').should('have.value', '!@#$');",
              "err": {},
              "uuid": "06355b6a-713d-4ac1-bddf-5c68358f1bc9",
              "parentUUID": "e53baf3d-2263-4caf-8e24-363db0f93602",
              "isHook": false,
              "skipped": false
            },
            {
              "title": "can type text on field password",
              "fullTitle": "Login Test can type text on field password",
              "timedOut": null,
              "duration": 267,
              "state": "passed",
              "speed": "fast",
              "pass": true,
              "fail": false,
              "pending": false,
              "context": null,
              "code": "cy.visit(\"/\");\ncy.get('#password').type('asdfg').should('have.value', 'asdfg');",
              "err": {},
              "uuid": "09b15e10-077b-4eca-8b93-38b888e80af1",
              "parentUUID": "e53baf3d-2263-4caf-8e24-363db0f93602",
              "isHook": false,
              "skipped": false
            },
            {
              "title": "can type number on field password",
              "fullTitle": "Login Test can type number on field password",
              "timedOut": null,
              "duration": 274,
              "state": "passed",
              "speed": "fast",
              "pass": true,
              "fail": false,
              "pending": false,
              "context": null,
              "code": "cy.visit(\"/\");\ncy.get('#password').type(12345).should('have.value', 12345);",
              "err": {},
              "uuid": "d88f6de6-44f3-46fb-9902-2f3d2cb82825",
              "parentUUID": "e53baf3d-2263-4caf-8e24-363db0f93602",
              "isHook": false,
              "skipped": false
            },
            {
              "title": "can type symbol on field password",
              "fullTitle": "Login Test can type symbol on field password",
              "timedOut": null,
              "duration": 273,
              "state": "passed",
              "speed": "fast",
              "pass": true,
              "fail": false,
              "pending": false,
              "context": null,
              "code": "cy.visit(\"/\");\ncy.get('#password').type('!@#$%^').should('have.value', '!@#$%^');",
              "err": {},
              "uuid": "7972067b-c45a-4ed2-bf7b-f2a9fd345851",
              "parentUUID": "e53baf3d-2263-4caf-8e24-363db0f93602",
              "isHook": false,
              "skipped": false
            },
            {
              "title": "login with valid username and password",
              "fullTitle": "Login Test login with valid username and password",
              "timedOut": null,
              "duration": 624,
              "state": "passed",
              "speed": "fast",
              "pass": true,
              "fail": false,
              "pending": false,
              "context": null,
              "code": "cy.visit(\"/\");\ncy.get('#username').type('admin');\ncy.get('#password').type(123456);\ncy.get('button').click();\ncy.get('#loginMessage').should('be.visible').and('have.text', 'Login successful!');",
              "err": {},
              "uuid": "4938edcd-571c-406c-ace0-8fffb31dc359",
              "parentUUID": "e53baf3d-2263-4caf-8e24-363db0f93602",
              "isHook": false,
              "skipped": false
            },
            {
              "title": "Log in with a username that is limited to 25 characters",
              "fullTitle": "Login Test Log in with a username that is limited to 25 characters",
              "timedOut": null,
              "duration": 5067,
              "state": "failed",
              "speed": null,
              "pass": false,
              "fail": true,
              "pending": false,
              "context": null,
              "code": "cy.visit(\"/\");\ncy.get('#username').type('admintest_2024-5-1@qwwer.com');\ncy.get('#password').type('123456');\ncy.get('button').click();\n// cy.get('#loginMessage').should('be.visible').and('have.text', 'Invalid username or password.');\ncy.get('#username').invoke('val').should('have.length', 25);",
              "err": {
                "message": "AssertionError: Timed out retrying after 4000ms: expected 'admintest_2024-5-1@qwwer.com' to have a length of 25 but got 28",
                "estack": "AssertionError: Timed out retrying after 4000ms: expected 'admintest_2024-5-1@qwwer.com' to have a length of 25 but got 28\n    at Context.eval (webpack://qa-testing/./cypress/e2e/login.cy.js:50:38)",
                "diff": "- 28\n+ 25\n"
              },
              "uuid": "e2e15dc7-1323-45b1-bc2a-982178ceb02d",
              "parentUUID": "e53baf3d-2263-4caf-8e24-363db0f93602",
              "isHook": false,
              "skipped": false
            },
            {
              "title": "cant type space on field username",
              "fullTitle": "Login Test cant type space on field username",
              "timedOut": null,
              "duration": 4742,
              "state": "failed",
              "speed": null,
              "pass": false,
              "fail": true,
              "pending": false,
              "context": null,
              "code": "cy.visit(\"/\");\ncy.get('#username').type('admin 1').should('have.value', 'admin 1');\ncy.get('#password').type(123456);\ncy.get('button').click();\ncy.get('#loginMessage').should('be.visible').and('have.text', 'Username cannot include space');",
              "err": {
                "message": "AssertionError: Timed out retrying after 4000ms: expected '<div#loginMessage>' to have text 'Username cannot include space', but the text was 'Invalid username or password.'",
                "estack": "AssertionError: Timed out retrying after 4000ms: expected '<div#loginMessage>' to have text 'Username cannot include space', but the text was 'Invalid username or password.'\n    at Context.eval (webpack://qa-testing/./cypress/e2e/login.cy.js:59:49)",
                "diff": "- 'Invalid username or password.'\n+ 'Username cannot include space'\n"
              },
              "uuid": "d40c7acb-a31e-4631-9db1-0bd6772c78b2",
              "parentUUID": "e53baf3d-2263-4caf-8e24-363db0f93602",
              "isHook": false,
              "skipped": false
            },
            {
              "title": "cant type space on field password",
              "fullTitle": "Login Test cant type space on field password",
              "timedOut": null,
              "duration": 4202,
              "state": "failed",
              "speed": null,
              "pass": false,
              "fail": true,
              "pending": false,
              "context": null,
              "code": "cy.visit(\"/\");\ncy.get('#username').type('admin').should('have.value', 'admin 1');\ncy.get('#password').type('12345 6');\ncy.get('button').click();\ncy.get('#loginMessage').should('be.visible').and('have.text', 'Password cannot include space');",
              "err": {
                "message": "AssertionError: Timed out retrying after 4000ms: expected '<input#username>' to have value 'admin 1', but the value was 'admin'",
                "estack": "AssertionError: Timed out retrying after 4000ms: expected '<input#username>' to have value 'admin 1', but the value was 'admin'\n    at Context.eval (webpack://qa-testing/./cypress/e2e/login.cy.js:64:38)",
                "diff": "- 'admin'\n+ 'admin 1'\n"
              },
              "uuid": "3f1c6153-62ea-4b67-a3b9-6c27adf01059",
              "parentUUID": "e53baf3d-2263-4caf-8e24-363db0f93602",
              "isHook": false,
              "skipped": false
            },
            {
              "title": "login with uppercase username",
              "fullTitle": "Login Test login with uppercase username",
              "timedOut": null,
              "duration": 552,
              "state": "passed",
              "speed": "fast",
              "pass": true,
              "fail": false,
              "pending": false,
              "context": null,
              "code": "cy.visit(\"/\");\ncy.get('#username').type('ADMIN').should('have.value', 'ADMIN');\ncy.get('#password').type(123456);\ncy.get('button').click();\ncy.get('#loginMessage').should('be.visible').and('have.text', 'Invalid username or password.');",
              "err": {},
              "uuid": "435432c8-f7cb-45fd-86c5-ee80fc8f8ce3",
              "parentUUID": "e53baf3d-2263-4caf-8e24-363db0f93602",
              "isHook": false,
              "skipped": false
            },
            {
              "title": "login with valid username and invalid password",
              "fullTitle": "Login Test login with valid username and invalid password",
              "timedOut": null,
              "duration": 587,
              "state": "passed",
              "speed": "fast",
              "pass": true,
              "fail": false,
              "pending": false,
              "context": null,
              "code": "cy.visit(\"/\");\ncy.get('#username').type('admin');\ncy.get('#password').type(54321);\ncy.get('button').click();\ncy.get('#loginMessage').should('be.visible').and('have.text', 'Invalid username or password.');",
              "err": {},
              "uuid": "77529abc-7a94-4f39-8bce-f42f1d2597ec",
              "parentUUID": "e53baf3d-2263-4caf-8e24-363db0f93602",
              "isHook": false,
              "skipped": false
            },
            {
              "title": "login with invalid username and valid password",
              "fullTitle": "Login Test login with invalid username and valid password",
              "timedOut": null,
              "duration": 597,
              "state": "passed",
              "speed": "fast",
              "pass": true,
              "fail": false,
              "pending": false,
              "context": null,
              "code": "cy.visit(\"/\");\ncy.get('#username').type('nimda');\ncy.get('#password').type(123456);\ncy.get('button').click();\ncy.get('#loginMessage').should('be.visible').and('have.text', 'Invalid username or password.');",
              "err": {},
              "uuid": "c52d2112-5eef-4587-925b-89617a05ab0c",
              "parentUUID": "e53baf3d-2263-4caf-8e24-363db0f93602",
              "isHook": false,
              "skipped": false
            },
            {
              "title": "login with invalid username and password",
              "fullTitle": "Login Test login with invalid username and password",
              "timedOut": null,
              "duration": 580,
              "state": "passed",
              "speed": "fast",
              "pass": true,
              "fail": false,
              "pending": false,
              "context": null,
              "code": "cy.visit(\"/\");\ncy.get('#username').type('nimda');\ncy.get('#password').type(98760);\ncy.get('button').click();\ncy.get('#loginMessage').should('be.visible').and('have.text', 'Invalid username or password.');",
              "err": {},
              "uuid": "94a0fd36-2bf5-41de-bc64-ae814b87e826",
              "parentUUID": "e53baf3d-2263-4caf-8e24-363db0f93602",
              "isHook": false,
              "skipped": false
            },
            {
              "title": "login with empty username and password",
              "fullTitle": "Login Test login with empty username and password",
              "timedOut": null,
              "duration": 499,
              "state": "passed",
              "speed": "fast",
              "pass": true,
              "fail": false,
              "pending": false,
              "context": null,
              "code": "cy.visit(\"/\");\ncy.get('#username').clear();\ncy.get('#password').clear();\ncy.get('button').click();\ncy.get('#loginMessage').should('be.visible').and('have.text', 'Please enter both username and password.');",
              "err": {},
              "uuid": "d03f489b-60a7-4708-90df-9b6b5bfaf095",
              "parentUUID": "e53baf3d-2263-4caf-8e24-363db0f93602",
              "isHook": false,
              "skipped": false
            }
          ],
          "suites": [],
          "passes": [
            "307c6677-fe84-49c3-800d-7d80568c231f",
            "f1f8191d-cdb4-4157-9f04-cf868b15dc8c",
            "06355b6a-713d-4ac1-bddf-5c68358f1bc9",
            "09b15e10-077b-4eca-8b93-38b888e80af1",
            "d88f6de6-44f3-46fb-9902-2f3d2cb82825",
            "7972067b-c45a-4ed2-bf7b-f2a9fd345851",
            "4938edcd-571c-406c-ace0-8fffb31dc359",
            "435432c8-f7cb-45fd-86c5-ee80fc8f8ce3",
            "77529abc-7a94-4f39-8bce-f42f1d2597ec",
            "c52d2112-5eef-4587-925b-89617a05ab0c",
            "94a0fd36-2bf5-41de-bc64-ae814b87e826",
            "d03f489b-60a7-4708-90df-9b6b5bfaf095"
          ],
          "failures": [
            "e2e15dc7-1323-45b1-bc2a-982178ceb02d",
            "d40c7acb-a31e-4631-9db1-0bd6772c78b2",
            "3f1c6153-62ea-4b67-a3b9-6c27adf01059"
          ],
          "pending": [],
          "skipped": [],
          "duration": 19145,
          "root": false,
          "rootEmpty": false,
          "_timeout": 2000
        }
      ],
      "passes": [],
      "failures": [],
      "pending": [],
      "skipped": [],
      "duration": 0,
      "root": true,
      "rootEmpty": true,
      "_timeout": 2000
    }
  ],
  "meta": {
    "mocha": {
      "version": "7.0.1"
    },
    "mochawesome": {
      "options": {
        "quiet": false,
        "reportFilename": "mochawesome",
        "saveHtml": true,
        "saveJson": true,
        "consoleReporter": "spec",
        "useInlineDiffs": false,
        "code": true
      },
      "version": "7.1.3"
    },
    "marge": {
      "options": {
        "reportDir": "cypress/reports",
        "overwrite": false,
        "html": true,
        "json": true
      },
      "version": "6.2.0"
    }
  }
}